SF:lib\main.dart
DA:12,0
DA:13,0
DA:14,0
DA:18,2
DA:20,1
DA:21,1
DA:25,1
DA:27,1
DA:29,1
DA:31,1
DA:32,0
DA:33,0
DA:34,0
DA:35,0
DA:36,0
DA:37,0
LF:16
LH:7
end_of_record
SF:lib\startup.dart
DA:11,0
DA:12,0
DA:14,0
DA:21,0
DA:25,0
LF:5
LH:0
end_of_record
SF:lib\shared\config\theme_config.dart
DA:7,3
DA:8,1
LF:2
LH:2
end_of_record
SF:lib\views\auth\forgot_password.dart
DA:9,1
DA:11,0
DA:12,0
DA:20,0
DA:21,0
DA:22,0
DA:23,0
DA:24,0
DA:26,0
DA:27,0
DA:29,0
DA:30,0
DA:33,0
DA:35,0
DA:40,0
DA:42,0
DA:43,0
DA:44,0
DA:45,0
DA:46,0
DA:47,0
DA:48,0
DA:49,0
DA:51,0
DA:52,0
DA:54,0
DA:55,0
DA:56,0
DA:57,0
DA:59,0
DA:63,0
DA:66,0
DA:67,0
DA:68,0
DA:69,0
DA:70,0
DA:73,0
LF:37
LH:1
end_of_record
SF:lib\views\auth\login.dart
DA:11,1
DA:13,0
DA:14,0
DA:22,0
DA:23,0
DA:24,0
DA:26,0
DA:27,0
DA:29,0
DA:30,0
DA:33,0
DA:35,0
DA:40,0
DA:41,0
DA:42,0
DA:43,0
DA:45,0
DA:46,0
DA:49,0
DA:53,0
DA:55,0
DA:56,0
DA:57,0
DA:58,0
DA:59,0
DA:60,0
DA:61,0
DA:62,0
DA:64,0
DA:66,0
DA:67,0
DA:68,0
DA:69,0
DA:70,0
DA:71,0
DA:73,0
DA:75,0
DA:76,0
DA:77,0
DA:78,0
DA:87,0
DA:88,0
DA:94,0
LF:43
LH:1
end_of_record
SF:lib\views\auth\register.dart
DA:10,1
DA:12,0
DA:13,0
DA:23,0
DA:24,0
DA:25,0
DA:26,0
DA:27,0
DA:28,0
DA:29,0
DA:31,0
DA:32,0
DA:34,0
DA:35,0
DA:37,0
DA:38,0
DA:41,0
DA:43,0
DA:48,0
DA:50,0
DA:51,0
DA:52,0
DA:53,0
DA:54,0
DA:55,0
DA:56,0
DA:57,0
DA:59,0
DA:60,0
DA:62,0
DA:63,0
DA:64,0
DA:65,0
DA:67,0
DA:71,0
DA:74,0
DA:75,0
DA:76,0
DA:77,0
DA:78,0
DA:79,0
DA:80,0
DA:81,0
DA:82,0
DA:83,0
DA:92,0
DA:93,0
DA:99,0
LF:48
LH:1
end_of_record
SF:lib\views\home\home.dart
DA:11,1
DA:13,1
DA:14,1
DA:38,1
DA:40,1
DA:43,0
DA:44,0
DA:51,0
DA:52,0
DA:53,0
DA:57,1
DA:59,1
DA:60,1
DA:61,1
DA:74,1
DA:75,1
DA:81,0
DA:82,0
DA:85,1
DA:89,1
DA:95,0
DA:96,0
DA:102,1
DA:103,1
DA:104,0
DA:112,1
DA:113,1
DA:114,1
DA:115,1
LF:29
LH:19
end_of_record
SF:lib\views\me\me.dart
DA:8,1
DA:10,0
DA:11,0
DA:15,0
DA:16,0
DA:17,0
DA:19,0
DA:21,0
DA:25,0
DA:27,0
DA:28,0
DA:29,0
DA:32,0
DA:37,0
DA:43,0
DA:44,0
DA:55,0
DA:56,0
DA:63,0
DA:64,0
DA:65,0
LF:21
LH:1
end_of_record
SF:lib\views\me\settings\settings.dart
DA:10,1
DA:12,0
DA:13,0
DA:18,0
DA:20,0
DA:21,0
DA:22,0
DA:24,0
DA:29,0
DA:35,0
DA:36,0
DA:48,0
DA:49,0
DA:50,0
LF:14
LH:1
end_of_record
SF:lib\shared\components\require_authenticated.dart
DA:9,1
DA:11,1
DA:12,1
DA:19,1
DA:21,1
DA:22,2
DA:24,0
DA:25,0
DA:26,0
DA:27,0
DA:28,0
DA:31,0
DA:32,0
DA:40,0
DA:42,0
LF:15
LH:6
end_of_record
SF:lib\shared\services\auth_service.dart
DA:14,0
DA:15,0
DA:16,0
DA:19,0
DA:20,0
DA:21,0
DA:25,0
DA:27,0
DA:28,0
DA:32,0
DA:33,0
DA:34,0
DA:38,0
DA:40,0
DA:43,0
DA:45,0
DA:47,0
DA:48,0
DA:53,0
DA:55,0
DA:59,0
DA:61,0
DA:62,0
DA:67,0
DA:69,0
DA:70,0
DA:71,0
DA:72,0
DA:74,0
DA:79,0
DA:80,0
DA:81,0
DA:83,0
DA:84,0
DA:85,0
DA:88,0
DA:89,0
DA:91,0
DA:96,0
DA:98,0
DA:99,0
DA:106,0
DA:107,0
DA:108,0
DA:109,0
DA:110,0
LF:46
LH:0
end_of_record
SF:lib\shared\components\text_button.dart
DA:9,0
DA:18,0
DA:19,0
DA:24,0
DA:26,0
DA:27,0
DA:28,0
DA:29,0
DA:30,0
DA:31,0
DA:32,0
DA:33,0
DA:34,0
DA:35,0
DA:40,0
DA:41,0
DA:42,0
DA:43,0
DA:44,0
DA:45,0
DA:46,0
DA:47,0
DA:48,0
LF:23
LH:0
end_of_record
SF:lib\shared\components\text_input.dart
DA:8,0
DA:16,0
DA:17,0
DA:24,0
DA:26,0
DA:27,0
DA:30,0
DA:32,0
DA:33,0
DA:36,0
DA:37,0
DA:40,0
DA:42,0
DA:43,0
DA:44,0
DA:45,0
DA:46,0
DA:47,0
DA:48,0
DA:49,0
DA:50,0
DA:51,0
DA:52,0
DA:53,0
DA:54,0
DA:59,0
DA:60,0
DA:61,0
LF:28
LH:0
end_of_record
SF:lib\shared\components\toaster.dart
DA:5,0
DA:14,0
DA:18,0
DA:21,0
DA:24,0
DA:28,0
LF:6
LH:0
end_of_record
SF:lib\shared\functions\unix_to_date_time.dart
DA:1,0
DA:2,0
LF:2
LH:0
end_of_record
SF:lib\shared\models\context\user_claims_model.dart
DA:4,0
DA:5,0
DA:6,0
DA:7,0
DA:8,0
LF:5
LH:0
end_of_record
SF:lib\shared\models\crochet_model.dart
DA:12,0
LF:1
LH:0
end_of_record
SF:lib\views\home\inspirations\data_access\inspirations_service.dart
DA:5,0
DA:6,0
DA:8,0
DA:10,0
DA:11,0
DA:12,0
DA:13,0
DA:14,0
DA:15,0
DA:17,0
DA:18,0
DA:20,0
DA:22,0
LF:13
LH:0
end_of_record
SF:lib\views\home\inspirations\inspirations.dart
DA:11,1
DA:13,0
DA:14,0
DA:22,0
DA:24,0
DA:25,0
DA:28,0
DA:30,0
DA:31,0
DA:32,0
DA:33,0
DA:34,0
DA:35,0
DA:41,0
LF:14
LH:1
end_of_record
SF:lib\views\home\my_stuff\my_stuff.dart
DA:10,1
DA:12,0
DA:13,0
DA:19,0
DA:20,0
DA:21,0
DA:25,0
DA:27,0
DA:28,0
DA:29,0
DA:30,0
DA:31,0
DA:34,0
DA:36,0
DA:37,0
LF:15
LH:1
end_of_record
SF:lib\views\home\saved\saved.dart
DA:9,1
DA:11,0
LF:2
LH:1
end_of_record
SF:lib\views\home\inspirations\components\inspiration_post.dart
DA:7,0
DA:9,0
DA:10,0
DA:14,0
DA:16,0
DA:17,0
DA:18,0
DA:19,0
DA:25,0
DA:26,0
DA:27,0
DA:28,0
DA:33,0
DA:34,0
DA:39,0
DA:41,0
DA:43,0
DA:44,0
DA:45,0
DA:46,0
DA:48,0
DA:49,0
DA:50,0
DA:52,0
DA:54,0
DA:56,0
DA:57,0
DA:60,0
DA:61,0
DA:64,0
DA:65,0
DA:69,0
DA:70,0
DA:71,0
DA:73,0
DA:74,0
DA:75,0
LF:37
LH:0
end_of_record
